[LOG] System::create                           : Header version = 1.10.12. Current version = 1.10.12.
[LOG] Manager::init                            : maxchannels = 256 studioflags = 00000006 flags 00000000 extradriverdata 0000000000000000.
[LOG] SystemI::init                            : Initialize version=11012 (101101), maxchannels=256, flags=0x00020000
[LOG] SystemI::setOutputInternal               : Setting output to 'FMOD WASAPI Output'
[LOG] OutputWASAPI::init                       : Mix Format (WAVEFORMATEX): wFormatTag=0xFFFE, nChannels=2, nSamplesPerSec=48000, nAvgBytesPerSec=384000, nBlockAlign=8, wBitsPerSample=32, cbSize=22.
[LOG] OutputWASAPI::init                       : Mix Format (WAVEFORMATEXTENSIBLE): wValidBitsPerSample=32, dwChannelMask=0x00000003, SubFormat=00000003-0000-0010-8000-00AA00389B71.
[LOG] OutputWASAPI::init                       : Output buffer size: 4096 samples, latency: 0.00ms, period: 10.00ms, DSP buffer: 1024 * 4
[LOG] Thread::initThread                       : Init FMOD stream thread. Priority: 2, Stack Size: 65536, Semaphore: No, Sleep Time: 10, Looping: Yes.
[LOG] Thread::initThread                       : Init FMOD mixer thread. Priority: 3, Stack Size: 49152, Semaphore: No, Sleep Time: 0, Looping: Yes.
[LOG] AsyncManager::init                       : manager 000000004E1191C8 isAsync 0 updatePeriod 0.02
[LOG] AsyncManager::init                       : done
[LOG] PlaybackSystem::init                     : 
[LOG] Thread::initThread                       : Init FMOD Studio sample load thread. Priority: 0, Stack Size: 65536, Semaphore: No, Sleep Time: 1, Looping: No.
[LOG] PlaybackSystem::init                     : done
[LOG] Thread::initThread                       : Init FMOD Studio bank load thread. Priority: 0, Stack Size: 65536, Semaphore: No, Sleep Time: 1, Looping: No.
[LOG] Manager::init                            : done.
[LOG] Manager::readBank                        : fileversion = 103, compatVersion = 99 (oldest = 44, newest = 103)
[LOG] SystemI::createSoundInternal             : Create name='', mode=0x02000202
[LOG] SystemI::createSoundInternal             : exinfo->cbsize             = 232
[LOG] SystemI::createSoundInternal             : exinfo->length             = 2067936
[LOG] SystemI::createSoundInternal             : exinfo->fileoffset         = 22080
[LOG] SystemI::createSoundInternal             : exinfo->numsubsounds       = 1
[LOG] SystemI::createSoundInternal             : exinfo->inclusionlist      = 000000007B26F5FC
[LOG] SystemI::createSoundInternal             : exinfo->inclusionlistnum   = 1
[LOG] SystemI::createSoundInternal             : exinfo->suggestedsoundtype = 5
[LOG] SystemI::createSoundInternal             : exinfo->useropen           = 00007FFB4C0F0D70
[LOG] SystemI::createSoundInternal             : exinfo->userclose          = 00007FFB4C0F0D40
[LOG] SystemI::createSoundInternal             : exinfo->userread           = 00007FFB4C0F0E40
[LOG] SystemI::createSoundInternal             : exinfo->userseek           = 00007FFB4C0F0F00
[LOG] SystemI::createSoundInternal             : exinfo->fileuserdata       = 000000004F6F82B8
[LOG] SystemI::createSoundInternal             : exinfo->initialseekpostype = 1
[LOG] SystemI::DSPCodecPoolRegister            : register codec pool for pool type 5
[LOG] SystemI::createSoundInternal             : Sample 0/1: name='button confirm', format=2, channels=2, frequency=48000, lengthbytes=12640, lengthpcm=58632, pcmblocksize=0, loopstart=0, loopend=0, mode=0x00000000, channelmask=0x00000000, channelorder=0, peakvolume=0.823425.
[LOG] SystemI::createSound                     : filename = OneButtonFighter-FMOD\Build\Desktop/Master Bank.bank : mode 02010082
[LOG] SystemI::createSound                     : FMOD_NONBLOCKING specified.  Putting into queue to be opened asynchronously!
[LOG] SystemI::createSound                     : setdata soundi = 0000000024E61C38 : node = 000000005455E670
[LOG] SystemI::createSound                     : add node to async list : head = 000000004F46BAA8.  list count = 0
[LOG] AsyncThread::threadFunc                  : Starting Asynchronous operation on sound 0000000024E61C38
[LOG] SystemI::createSoundInternal             :     Create name='OneButtonFighter-FMOD\Build\Desktop/Master Bank.bank', mode=0x02010082
[LOG] SystemI::createSoundInternal             :     exinfo->cbsize             = 232
[LOG] SystemI::createSoundInternal             :     exinfo->length             = 2067936
[LOG] SystemI::createSoundInternal             :     exinfo->fileoffset         = 22080
[LOG] SystemI::createSoundInternal             :     exinfo->numsubsounds       = 1
[LOG] SystemI::createSoundInternal             :     exinfo->inclusionlist      = 000000005455E788
[LOG] SystemI::createSoundInternal             :     exinfo->inclusionlistnum   = 1
[LOG] SystemI::createSoundInternal             :     exinfo->suggestedsoundtype = 5
[LOG] SystemI::createSoundInternal             :     exinfo->initialseekpostype = 1
[LOG] SystemI::createSoundInternal             :     Stream 0/1: name='daily_dosage-rob_belfiore', format=2, channels=2, frequency=48000, lengthbytes=1234528, lengthpcm=4436034, pcmblocksize=0, loopstart=0, loopend=0, mode=0x00000000, channelmask=0x00000000, channelorder=0, peakvolume=0.999969.
[LOG] AsyncThread::threadFunc                  : Finished Asynchronous operation on sound 0000000024E61C38
[LOG] SoundI::getSubSound                      : sound 0000000024E61C38.  Subsound index 0 / 1
[LOG] SoundI::release                          : cricket ambience (0000000024E63078)
[LOG] SoundI::release                          :     cricket ambience (000000004F469258)
[LOG] SoundI::release                          :     cricket ambience (0000000024E62148)
[LOG] Manager::readBank                        : fileversion = 103, compatVersion = 99 (oldest = 44, newest = 103)
[LOG] SystemI::createSoundInternal             : Create name='', mode=0x02000202
[LOG] SystemI::createSoundInternal             : exinfo->cbsize             = 232
[LOG] SystemI::createSoundInternal             : exinfo->length             = 2067936
[LOG] SystemI::createSoundInternal             : exinfo->fileoffset         = 22080
[LOG] SystemI::createSoundInternal             : exinfo->numsubsounds       = 1
[LOG] SystemI::createSoundInternal             : exinfo->inclusionlist      = 000000007B26F5FC
[LOG] SystemI::createSoundInternal             : exinfo->inclusionlistnum   = 1
[LOG] SystemI::createSoundInternal             : exinfo->suggestedsoundtype = 5
[LOG] SystemI::createSoundInternal             : exinfo->useropen           = 00007FFB4C0F0D70
[LOG] SystemI::createSoundInternal             : exinfo->userclose          = 00007FFB4C0F0D40
[LOG] SystemI::createSoundInternal             : exinfo->userread           = 00007FFB4C0F0E40
[LOG] SystemI::createSoundInternal             : exinfo->userseek           = 00007FFB4C0F0F00
[LOG] SystemI::createSoundInternal             : exinfo->fileuserdata       = 000000004F6F4B08
[LOG] SystemI::createSoundInternal             : exinfo->initialseekpostype = 1
[LOG] SystemI::DSPCodecPoolRegister            : register codec pool for pool type 5
[LOG] SystemI::createSoundInternal             : Sample 0/1: name='pop', format=2, channels=2, frequency=48000, lengthbytes=224, lengthpcm=70840, pcmblocksize=0, loopstart=0, loopend=0, mode=0x00000000, channelmask=0x00000000, channelorder=0, peakvolume=0.000000.
[LOG] SystemI::createSoundInternal             : Create name='', mode=0x02000202
[LOG] SystemI::createSoundInternal             : exinfo->cbsize             = 232
[LOG] SystemI::createSoundInternal             : exinfo->length             = 2067936
[LOG] SystemI::createSoundInternal             : exinfo->fileoffset         = 22080
[LOG] SystemI::createSoundInternal             : exinfo->numsubsounds       = 1
[LOG] SystemI::createSoundInternal             : exinfo->inclusionlist      = 000000007B26F5FC
[LOG] SystemI::createSoundInternal             : exinfo->inclusionlistnum   = 1
[LOG] SystemI::createSoundInternal             : exinfo->suggestedsoundtype = 5
[LOG] SystemI::createSoundInternal             : exinfo->useropen           = 00007FFB4C0F0D70
[LOG] SystemI::createSoundInternal             : exinfo->userclose          = 00007FFB4C0F0D40
[LOG] SystemI::createSoundInternal             : exinfo->userread           = 00007FFB4C0F0E40
[LOG] SystemI::createSoundInternal             : exinfo->userseek           = 00007FFB4C0F0F00
[LOG] SystemI::createSoundInternal             : exinfo->fileuserdata       = 000000004F6F4B08
[LOG] SystemI::createSoundInternal             : exinfo->initialseekpostype = 1
[LOG] SystemI::DSPCodecPoolRegister            : register codec pool for pool type 5
[LOG] SystemI::createSoundInternal             : Sample 0/1: name='pop 2', format=2, channels=2, frequency=48000, lengthbytes=2912, lengthpcm=70840, pcmblocksize=0, loopstart=0, loopend=0, mode=0x00000000, channelmask=0x00000000, channelorder=0, peakvolume=0.163818.
[LOG] SystemI::createSoundInternal             : Create name='', mode=0x02000202
[LOG] SystemI::createSoundInternal             : exinfo->cbsize             = 232
[LOG] SystemI::createSoundInternal             : exinfo->length             = 2067936
[LOG] SystemI::createSoundInternal             : exinfo->fileoffset         = 22080
[LOG] SystemI::createSoundInternal             : exinfo->numsubsounds       = 1
[LOG] SystemI::createSoundInternal             : exinfo->inclusionlist      = 000000007B26F5FC
[LOG] SystemI::createSoundInternal             : exinfo->inclusionlistnum   = 1
[LOG] SystemI::createSoundInternal             : exinfo->suggestedsoundtype = 5
[LOG] SystemI::createSoundInternal             : exinfo->useropen           = 00007FFB4C0F0D70
[LOG] SystemI::createSoundInternal             : exinfo->userclose          = 00007FFB4C0F0D40
[LOG] SystemI::createSoundInternal             : exinfo->userread           = 00007FFB4C0F0E40
[LOG] SystemI::createSoundInternal             : exinfo->userseek           = 00007FFB4C0F0F00
[LOG] SystemI::createSoundInternal             : exinfo->fileuserdata       = 000000004F6F4B08
[LOG] SystemI::createSoundInternal             : exinfo->initialseekpostype = 1
[LOG] SystemI::DSPCodecPoolRegister            : register codec pool for pool type 5
[LOG] SystemI::createSoundInternal             : Sample 0/1: name='pop 4', format=2, channels=2, frequency=48000, lengthbytes=5344, lengthpcm=70840, pcmblocksize=0, loopstart=0, loopend=0, mode=0x00000000, channelmask=0x00000000, channelorder=0, peakvolume=0.999969.
[LOG] SystemI::createSoundInternal             : Create name='', mode=0x02000202
[LOG] SystemI::createSoundInternal             : exinfo->cbsize             = 232
[LOG] SystemI::createSoundInternal             : exinfo->length             = 2067936
[LOG] SystemI::createSoundInternal             : exinfo->fileoffset         = 22080
[LOG] SystemI::createSoundInternal             : exinfo->numsubsounds       = 1
[LOG] SystemI::createSoundInternal             : exinfo->inclusionlist      = 000000007B26F5FC
[LOG] SystemI::createSoundInternal             : exinfo->inclusionlistnum   = 1
[LOG] SystemI::createSoundInternal             : exinfo->suggestedsoundtype = 5
[LOG] SystemI::createSoundInternal             : exinfo->useropen           = 00007FFB4C0F0D70
[LOG] SystemI::createSoundInternal             : exinfo->userclose          = 00007FFB4C0F0D40
[LOG] SystemI::createSoundInternal             : exinfo->userread           = 00007FFB4C0F0E40
[LOG] SystemI::createSoundInternal             : exinfo->userseek           = 00007FFB4C0F0F00
[LOG] SystemI::createSoundInternal             : exinfo->fileuserdata       = 000000004F6F4B08
[LOG] SystemI::createSoundInternal             : exinfo->initialseekpostype = 1
[LOG] SystemI::DSPCodecPoolRegister            : register codec pool for pool type 5
[LOG] SystemI::createSoundInternal             : Sample 0/1: name='pop 3', format=2, channels=2, frequency=48000, lengthbytes=5600, lengthpcm=70840, pcmblocksize=0, loopstart=0, loopend=0, mode=0x00000000, channelmask=0x00000000, channelorder=0, peakvolume=0.495575.
[LOG] SystemI::createSoundInternal             : Create name='', mode=0x02000202
[LOG] SystemI::createSoundInternal             : exinfo->cbsize             = 232
[LOG] SystemI::createSoundInternal             : exinfo->length             = 2067936
[LOG] SystemI::createSoundInternal             : exinfo->fileoffset         = 22080
[LOG] SystemI::createSoundInternal             : exinfo->numsubsounds       = 1
[LOG] SystemI::createSoundInternal             : exinfo->inclusionlist      = 000000007B26F5FC
[LOG] SystemI::createSoundInternal             : exinfo->inclusionlistnum   = 1
[LOG] SystemI::createSoundInternal             : exinfo->suggestedsoundtype = 5
[LOG] SystemI::createSoundInternal             : exinfo->useropen           = 00007FFB4C0F0D70
[LOG] SystemI::createSoundInternal             : exinfo->userclose          = 00007FFB4C0F0D40
[LOG] SystemI::createSoundInternal             : exinfo->userread           = 00007FFB4C0F0E40
[LOG] SystemI::createSoundInternal             : exinfo->userseek           = 00007FFB4C0F0F00
[LOG] SystemI::createSoundInternal             : exinfo->fileuserdata       = 000000004F6F4B08
[LOG] SystemI::createSoundInternal             : exinfo->initialseekpostype = 1
[LOG] SystemI::DSPCodecPoolRegister            : register codec pool for pool type 5
[LOG] SystemI::createSoundInternal             : Sample 0/1: name='start click', format=2, channels=2, frequency=48000, lengthbytes=1248, lengthpcm=49082, pcmblocksize=0, loopstart=0, loopend=0, mode=0x00000000, channelmask=0x00000000, channelorder=0, peakvolume=0.931000.
[LOG] SystemI::createSoundInternal             : Create name='', mode=0x02000202
[LOG] SystemI::createSoundInternal             : exinfo->cbsize             = 232
[LOG] SystemI::createSoundInternal             : exinfo->length             = 2067936
[LOG] SystemI::createSoundInternal             : exinfo->fileoffset         = 22080
[LOG] SystemI::createSoundInternal             : exinfo->numsubsounds       = 1
[LOG] SystemI::createSoundInternal             : exinfo->inclusionlist      = 000000007B26F5FC
[LOG] SystemI::createSoundInternal             : exinfo->inclusionlistnum   = 1
[LOG] SystemI::createSoundInternal             : exinfo->suggestedsoundtype = 5
[LOG] SystemI::createSoundInternal             : exinfo->useropen           = 00007FFB4C0F0D70
[LOG] SystemI::createSoundInternal             : exinfo->userclose          = 00007FFB4C0F0D40
[LOG] SystemI::createSoundInternal             : exinfo->userread           = 00007FFB4C0F0E40
[LOG] SystemI::createSoundInternal             : exinfo->userseek           = 00007FFB4C0F0F00
[LOG] SystemI::createSoundInternal             : exinfo->fileuserdata       = 000000004F6F4B08
[LOG] SystemI::createSoundInternal             : exinfo->initialseekpostype = 1
[LOG] SystemI::DSPCodecPoolRegister            : register codec pool for pool type 5
[LOG] SystemI::createSoundInternal             : Sample 0/1: name='pop 5', format=2, channels=2, frequency=48000, lengthbytes=1856, lengthpcm=70840, pcmblocksize=0, loopstart=0, loopend=0, mode=0x00000000, channelmask=0x00000000, channelorder=0, peakvolume=0.321442.
[LOG] SystemI::createSoundInternal             : Create name='', mode=0x02000202
[LOG] SystemI::createSoundInternal             : exinfo->cbsize             = 232
[LOG] SystemI::createSoundInternal             : exinfo->length             = 2067936
[LOG] SystemI::createSoundInternal             : exinfo->fileoffset         = 22080
[LOG] SystemI::createSoundInternal             : exinfo->numsubsounds       = 1
[LOG] SystemI::createSoundInternal             : exinfo->inclusionlist      = 000000007B26F5FC
[LOG] SystemI::createSoundInternal             : exinfo->inclusionlistnum   = 1
[LOG] SystemI::createSoundInternal             : exinfo->suggestedsoundtype = 5
[LOG] SystemI::createSoundInternal             : exinfo->useropen           = 00007FFB4C0F0D70
[LOG] SystemI::createSoundInternal             : exinfo->userclose          = 00007FFB4C0F0D40
[LOG] SystemI::createSoundInternal             : exinfo->userread           = 00007FFB4C0F0E40
[LOG] SystemI::createSoundInternal             : exinfo->userseek           = 00007FFB4C0F0F00
[LOG] SystemI::createSoundInternal             : exinfo->fileuserdata       = 000000004F6F88E8
[LOG] SystemI::createSoundInternal             : exinfo->initialseekpostype = 1
[LOG] SystemI::DSPCodecPoolRegister            : register codec pool for pool type 5
[LOG] SystemI::createSoundInternal             : Sample 0/1: name='end click', format=2, channels=2, frequency=48000, lengthbytes=1280, lengthpcm=49082, pcmblocksize=0, loopstart=0, loopend=0, mode=0x00000000, channelmask=0x00000000, channelorder=0, peakvolume=0.981903.
[LOG] SystemI::createSoundInternal             : Create name='', mode=0x02000202
[LOG] SystemI::createSoundInternal             : exinfo->cbsize             = 232
[LOG] SystemI::createSoundInternal             : exinfo->length             = 2067936
[LOG] SystemI::createSoundInternal             : exinfo->fileoffset         = 22080
[LOG] SystemI::createSoundInternal             : exinfo->numsubsounds       = 1
[LOG] SystemI::createSoundInternal             : exinfo->inclusionlist      = 000000007B26F5FC
[LOG] SystemI::createSoundInternal             : exinfo->inclusionlistnum   = 1
[LOG] SystemI::createSoundInternal             : exinfo->suggestedsoundtype = 5
[LOG] SystemI::createSoundInternal             : exinfo->useropen           = 00007FFB4C0F0D70
[LOG] SystemI::createSoundInternal             : exinfo->userclose          = 00007FFB4C0F0D40
[LOG] SystemI::createSoundInternal             : exinfo->userread           = 00007FFB4C0F0E40
[LOG] SystemI::createSoundInternal             : exinfo->userseek           = 00007FFB4C0F0F00
[LOG] SystemI::createSoundInternal             : exinfo->fileuserdata       = 000000004F6F4B08
[LOG] SystemI::createSoundInternal             : exinfo->initialseekpostype = 1
[LOG] SystemI::DSPCodecPoolRegister            : register codec pool for pool type 5
[LOG] SystemI::createSoundInternal             : Sample 0/1: name='player collision', format=2, channels=2, frequency=48000, lengthbytes=20928, lengthpcm=386027, pcmblocksize=0, loopstart=0, loopend=0, mode=0x00000000, channelmask=0x00000000, channelorder=0, peakvolume=0.958221.
[LOG] Manager::readBank                        : fileversion = 103, compatVersion = 99 (oldest = 44, newest = 103)
[LOG] SoundI::release                          : daily_dosage-rob_belfiore (0000000024E61C38)
[LOG] SoundI::release                          :     daily_dosage-rob_belfiore (000000005071DF98)
[LOG] SoundI::release                          :     daily_dosage-rob_belfiore (0000000024E622F8)
[LOG] SoundI::release                          :  (0000000017EA18D8)
[LOG] SoundI::release                          :     button confirm (000000005071EFD8)
[LOG] SoundI::release                          :  (0000000017EA11A8)
[LOG] SoundI::release                          :     start click (000000005071E958)
[LOG] SoundI::release                          :  (000000006D83F5B8)
[LOG] SoundI::release                          :     end click (000000005071C3F8)
[LOG] SoundI::release                          :  (000000005CCDD398)
[LOG] SoundI::release                          :     pop (000000005071E138)
[LOG] SoundI::release                          :  (000000006D83DBD8)
[LOG] SoundI::release                          :     pop 5 (000000005071C0B8)
[LOG] SoundI::release                          :  (000000005CCDDDA8)
[LOG] SoundI::release                          :     pop 2 (000000005071BD78)
[LOG] SoundI::release                          :  (000000005C710768)
[LOG] SoundI::release                          :     pop 4 (000000005071BF18)
[LOG] SoundI::release                          :  (000000005C7108D8)
[LOG] SoundI::release                          :     pop 3 (000000005071E7B8)
[LOG] SoundI::release                          :  (000000006D83E758)
[LOG] SoundI::release                          :     player collision (000000004F464D68)
[LOG] Thread::callback                         : FMOD Studio update thread finished.
[LOG] Thread::callback                         : FMOD Studio bank load thread finished.
[LOG] Profile::disconnectAll                   : Profiler disconnecting all clients
[LOG] Thread::callback                         : FMOD Studio sample load thread finished.
[LOG] LiveUpdate::release                      : 
[LOG] LiveUpdate::reset                        : Reset connection (reason Disconnected)
[LOG] Thread::callback                         : FMOD stream thread finished.
[LOG] Thread::callback                         : FMOD mixer thread finished.
[LOG] Profile::disconnectAll                   : Profiler disconnecting all clients
[LOG] SystemI::close                           : Closed.
[LOG] Manager::readBank                        : fileversion = 103, compatVersion = 99 (oldest = 44, newest = 103)
[LOG] Manager::readBank                        : fileversion = 103, compatVersion = 99 (oldest = 44, newest = 103)
[LOG] Manager::readBank                        : fileversion = 103, compatVersion = 99 (oldest = 44, newest = 103)
[LOG] Manager::readBank                        : fileversion = 103, compatVersion = 99 (oldest = 44, newest = 103)
[LOG] Manager::readBank                        : fileversion = 103, compatVersion = 99 (oldest = 44, newest = 103)
[LOG] Manager::readBank                        : fileversion = 103, compatVersion = 99 (oldest = 44, newest = 103)
[LOG] PlaybackSystem::acquireMasterBus         : Setting master channel group format to 6
[LOG] Thread::callback                         : FMOD Studio bank load thread finished.
[LOG] Thread::callback                         : FMOD Studio sample load thread finished.
[LOG] LiveUpdate::release                      : 
[LOG] LiveUpdate::reset                        : Reset connection (reason Disconnected)
[LOG] Thread::callback                         : FMOD stream thread finished.
[LOG] Thread::callback                         : FMOD mixer thread finished.
[LOG] Thread::callback                         : FMOD nonblocking thread (0) finished.
[LOG] Thread::callback                         : FMOD file thread finished.
[LOG] SystemI::close                           : Closed.
